d:\workbench\cpp\voicechatcpp\lib\portaudio\portaudio.dir\debug\vc143.pdb
d:\workbench\cpp\voicechatcpp\lib\portaudio\portaudio.dir\debug\pa_win_wmme.obj
d:\workbench\cpp\voicechatcpp\lib\portaudio\portaudio.dir\debug\pa_win_ds_dynlink.obj
d:\workbench\cpp\voicechatcpp\lib\portaudio\portaudio.dir\debug\pa_win_ds.obj
d:\workbench\cpp\voicechatcpp\lib\portaudio\portaudio.dir\debug\pa_x86_plain_converters.obj
d:\workbench\cpp\voicechatcpp\lib\portaudio\portaudio.dir\debug\pa_win_coinitialize.obj
d:\workbench\cpp\voicechatcpp\lib\portaudio\portaudio.dir\debug\pa_win_wdmks_utils.obj
d:\workbench\cpp\voicechatcpp\lib\portaudio\portaudio.dir\debug\pa_win_waveformat.obj
d:\workbench\cpp\voicechatcpp\lib\portaudio\portaudio.dir\debug\pa_win_util.obj
d:\workbench\cpp\voicechatcpp\lib\portaudio\portaudio.dir\debug\pa_win_hostapis.obj
d:\workbench\cpp\voicechatcpp\lib\portaudio\portaudio.dir\debug\pa_hostapi_skeleton.obj
d:\workbench\cpp\voicechatcpp\lib\portaudio\portaudio.dir\debug\pa_trace.obj
d:\workbench\cpp\voicechatcpp\lib\portaudio\portaudio.dir\debug\pa_stream.obj
d:\workbench\cpp\voicechatcpp\lib\portaudio\portaudio.dir\debug\pa_ringbuffer.obj
d:\workbench\cpp\voicechatcpp\lib\portaudio\portaudio.dir\debug\pa_process.obj
d:\workbench\cpp\voicechatcpp\lib\portaudio\portaudio.dir\debug\pa_front.obj
d:\workbench\cpp\voicechatcpp\lib\portaudio\portaudio.dir\debug\pa_dither.obj
d:\workbench\cpp\voicechatcpp\lib\portaudio\portaudio.dir\debug\pa_debugprint.obj
d:\workbench\cpp\voicechatcpp\lib\portaudio\portaudio.dir\debug\pa_cpuload.obj
d:\workbench\cpp\voicechatcpp\lib\portaudio\portaudio.dir\debug\pa_converters.obj
d:\workbench\cpp\voicechatcpp\lib\portaudio\portaudio.dir\debug\pa_allocation.obj
d:\workbench\cpp\voicechatcpp\lib\portaudio\portaudio.dir\debug\pa_win_wdmks.obj
d:\workbench\cpp\voicechatcpp\lib\portaudio\portaudio.dir\debug\pa_win_wasapi.obj
d:\workbench\cpp\voicechatcpp\lib\portaudio\cmakefiles\generate.stamp
d:\workbench\cpp\voicechatcpp\lib\portaudio\debug\portaudio_x64.dll
d:\workbench\cpp\voicechatcpp\lib\portaudio\debug\portaudio_x64.pdb
d:\workbench\cpp\voicechatcpp\lib\portaudio\debug\portaudio_x64.lib
d:\workbench\cpp\voicechatcpp\lib\portaudio\debug\portaudio_x64.exp
d:\workbench\cpp\voicechatcpp\lib\portaudio\portaudio.dir\debug\portaudio_x64.ilk
d:\workbench\cpp\voicechatcpp\lib\portaudio\portaudio.dir\debug\portaudio.tlog\cl.command.1.tlog
d:\workbench\cpp\voicechatcpp\lib\portaudio\portaudio.dir\debug\portaudio.tlog\cl.items.tlog
d:\workbench\cpp\voicechatcpp\lib\portaudio\portaudio.dir\debug\portaudio.tlog\cl.read.1.tlog
d:\workbench\cpp\voicechatcpp\lib\portaudio\portaudio.dir\debug\portaudio.tlog\cl.write.1.tlog
d:\workbench\cpp\voicechatcpp\lib\portaudio\portaudio.dir\debug\portaudio.tlog\custombuild.command.1.tlog
d:\workbench\cpp\voicechatcpp\lib\portaudio\portaudio.dir\debug\portaudio.tlog\custombuild.read.1.tlog
d:\workbench\cpp\voicechatcpp\lib\portaudio\portaudio.dir\debug\portaudio.tlog\custombuild.write.1.tlog
d:\workbench\cpp\voicechatcpp\lib\portaudio\portaudio.dir\debug\portaudio.tlog\link.command.1.tlog
d:\workbench\cpp\voicechatcpp\lib\portaudio\portaudio.dir\debug\portaudio.tlog\link.read.1.tlog
d:\workbench\cpp\voicechatcpp\lib\portaudio\portaudio.dir\debug\portaudio.tlog\link.secondary.1.tlog
d:\workbench\cpp\voicechatcpp\lib\portaudio\portaudio.dir\debug\portaudio.tlog\link.write.1.tlog
