d:\workbench\cpp\voicechatcpp\lib\portaudio\portaudio_static.dir\release\pa_win_wmme.obj
d:\workbench\cpp\voicechatcpp\lib\portaudio\portaudio_static.dir\release\pa_win_ds_dynlink.obj
d:\workbench\cpp\voicechatcpp\lib\portaudio\portaudio_static.dir\release\pa_win_ds.obj
d:\workbench\cpp\voicechatcpp\lib\portaudio\portaudio_static.dir\release\pa_x86_plain_converters.obj
d:\workbench\cpp\voicechatcpp\lib\portaudio\portaudio_static.dir\release\pa_win_coinitialize.obj
d:\workbench\cpp\voicechatcpp\lib\portaudio\portaudio_static.dir\release\pa_win_wdmks_utils.obj
d:\workbench\cpp\voicechatcpp\lib\portaudio\portaudio_static.dir\release\pa_win_waveformat.obj
d:\workbench\cpp\voicechatcpp\lib\portaudio\portaudio_static.dir\release\pa_win_util.obj
d:\workbench\cpp\voicechatcpp\lib\portaudio\portaudio_static.dir\release\pa_win_hostapis.obj
d:\workbench\cpp\voicechatcpp\lib\portaudio\portaudio_static.dir\release\pa_hostapi_skeleton.obj
d:\workbench\cpp\voicechatcpp\lib\portaudio\portaudio_static.dir\release\pa_trace.obj
d:\workbench\cpp\voicechatcpp\lib\portaudio\portaudio_static.dir\release\pa_stream.obj
d:\workbench\cpp\voicechatcpp\lib\portaudio\portaudio_static.dir\release\pa_ringbuffer.obj
d:\workbench\cpp\voicechatcpp\lib\portaudio\portaudio_static.dir\release\pa_process.obj
d:\workbench\cpp\voicechatcpp\lib\portaudio\portaudio_static.dir\release\pa_front.obj
d:\workbench\cpp\voicechatcpp\lib\portaudio\portaudio_static.dir\release\pa_dither.obj
d:\workbench\cpp\voicechatcpp\lib\portaudio\portaudio_static.dir\release\pa_debugprint.obj
d:\workbench\cpp\voicechatcpp\lib\portaudio\portaudio_static.dir\release\pa_cpuload.obj
d:\workbench\cpp\voicechatcpp\lib\portaudio\portaudio_static.dir\release\pa_converters.obj
d:\workbench\cpp\voicechatcpp\lib\portaudio\portaudio_static.dir\release\pa_allocation.obj
d:\workbench\cpp\voicechatcpp\lib\portaudio\portaudio_static.dir\release\pa_win_wdmks.obj
d:\workbench\cpp\voicechatcpp\lib\portaudio\portaudio_static.dir\release\pa_win_wasapi.obj
d:\workbench\cpp\voicechatcpp\lib\portaudio\cmakefiles\generate.stamp
d:\workbench\cpp\voicechatcpp\lib\portaudio\release\portaudio_static_x64.lib
d:\workbench\cpp\voicechatcpp\lib\portaudio\portaudio_static.dir\release\portaudio_static.tlog\cl.command.1.tlog
d:\workbench\cpp\voicechatcpp\lib\portaudio\portaudio_static.dir\release\portaudio_static.tlog\cl.items.tlog
d:\workbench\cpp\voicechatcpp\lib\portaudio\portaudio_static.dir\release\portaudio_static.tlog\cl.read.1.tlog
d:\workbench\cpp\voicechatcpp\lib\portaudio\portaudio_static.dir\release\portaudio_static.tlog\cl.write.1.tlog
d:\workbench\cpp\voicechatcpp\lib\portaudio\portaudio_static.dir\release\portaudio_static.tlog\custombuild.command.1.tlog
d:\workbench\cpp\voicechatcpp\lib\portaudio\portaudio_static.dir\release\portaudio_static.tlog\custombuild.read.1.tlog
d:\workbench\cpp\voicechatcpp\lib\portaudio\portaudio_static.dir\release\portaudio_static.tlog\custombuild.write.1.tlog
d:\workbench\cpp\voicechatcpp\lib\portaudio\portaudio_static.dir\release\portaudio_static.tlog\lib-link.read.1.tlog
d:\workbench\cpp\voicechatcpp\lib\portaudio\portaudio_static.dir\release\portaudio_static.tlog\lib-link.write.1.tlog
d:\workbench\cpp\voicechatcpp\lib\portaudio\portaudio_static.dir\release\portaudio_static.tlog\lib.command.1.tlog
