d:\workbench\cpp\voicechatcpp\voicechatcpp\x64\debug\vc143.pdb
d:\workbench\cpp\voicechatcpp\voicechatcpp\x64\debug\vc143.idb
d:\workbench\cpp\voicechatcpp\voicechatcpp\x64\debug\voicechatcpp.obj
d:\workbench\cpp\voicechatcpp\voicechatcpp\x64\debug\networksender.obj
d:\workbench\cpp\voicechatcpp\voicechatcpp\x64\debug\networkreceiver.obj
d:\workbench\cpp\voicechatcpp\voicechatcpp\x64\debug\audioplayback.obj
d:\workbench\cpp\voicechatcpp\voicechatcpp\x64\debug\audiocodec.obj
d:\workbench\cpp\voicechatcpp\voicechatcpp\x64\debug\audiocapture.obj
d:\workbench\cpp\voicechatcpp\x64\debug\voicechatcpp.exe
d:\workbench\cpp\voicechatcpp\x64\debug\voicechatcpp.pdb
d:\workbench\cpp\voicechatcpp\voicechatcpp\x64\debug\voicechatcpp.res
d:\workbench\cpp\voicechatcpp\voicechatcpp\x64\debug\voicechatcpp.ilk
d:\workbench\cpp\voicechatcpp\voicechatcpp\x64\debug\voicechatcpp.tlog\cl.command.1.tlog
d:\workbench\cpp\voicechatcpp\voicechatcpp\x64\debug\voicechatcpp.tlog\cl.items.tlog
d:\workbench\cpp\voicechatcpp\voicechatcpp\x64\debug\voicechatcpp.tlog\cl.read.1.tlog
d:\workbench\cpp\voicechatcpp\voicechatcpp\x64\debug\voicechatcpp.tlog\cl.write.1.tlog
d:\workbench\cpp\voicechatcpp\voicechatcpp\x64\debug\voicechatcpp.tlog\link.command.1.tlog
d:\workbench\cpp\voicechatcpp\voicechatcpp\x64\debug\voicechatcpp.tlog\link.read.1.tlog
d:\workbench\cpp\voicechatcpp\voicechatcpp\x64\debug\voicechatcpp.tlog\link.secondary.1.tlog
d:\workbench\cpp\voicechatcpp\voicechatcpp\x64\debug\voicechatcpp.tlog\link.write.1.tlog
d:\workbench\cpp\voicechatcpp\voicechatcpp\x64\debug\voicechatcpp.tlog\rc.command.1.tlog
d:\workbench\cpp\voicechatcpp\voicechatcpp\x64\debug\voicechatcpp.tlog\rc.read.1.tlog
d:\workbench\cpp\voicechatcpp\voicechatcpp\x64\debug\voicechatcpp.tlog\rc.write.1.tlog
