  Building Custom Rule D:/workbench/cpp/VoiceChatCpp/lib/portaudio/CMakeLists.txt
  pa_allocation.c
  pa_converters.c
  pa_cpuload.c
  pa_debugprint.c
  pa_dither.c
  pa_front.c
  pa_process.c
  pa_ringbuffer.c
  pa_stream.c
  pa_trace.c
  pa_hostapi_skeleton.c
  pa_win_hostapis.c
  pa_win_util.c
  pa_win_waveformat.c
  pa_win_wdmks_utils.c
  pa_win_coinitialize.c
  pa_x86_plain_converters.c
  pa_win_ds.c
  pa_win_ds_dynlink.c
  pa_win_wmme.c
  Generating Code...
  Compiling...
  pa_win_wasapi.c
  pa_win_wdmks.c
  Generating Code...
  portaudio_static.vcxproj -> D:\workbench\cpp\VoiceChatCpp\lib\portaudio\Debug\portaudio_static_x64.lib
