d:\workbench\cpp\voicechatcpp\voicechatcpp\x64\release\vc143.pdb
d:\workbench\cpp\voicechatcpp\voicechatcpp\x64\release\voicechatcpp1.obj
d:\workbench\cpp\voicechatcpp\voicechatcpp\x64\release\networksendermulticast.obj
d:\workbench\cpp\voicechatcpp\voicechatcpp\x64\release\networksender.obj
d:\workbench\cpp\voicechatcpp\voicechatcpp\x64\release\networkreceivermulticast.obj
d:\workbench\cpp\voicechatcpp\voicechatcpp\x64\release\networkreceiver.obj
d:\workbench\cpp\voicechatcpp\voicechatcpp\x64\release\audioplayback.obj
d:\workbench\cpp\voicechatcpp\voicechatcpp\x64\release\audiocodec.obj
d:\workbench\cpp\voicechatcpp\voicechatcpp\x64\release\audiocapture.obj
d:\workbench\cpp\voicechatcpp\x64\release\voicechatcpp.exe
d:\workbench\cpp\voicechatcpp\x64\release\voicechatcpp.pdb
d:\workbench\cpp\voicechatcpp\voicechatcpp\x64\release\voicechatcpp.res
d:\workbench\cpp\voicechatcpp\voicechatcpp\x64\release\voicechatcpp.ipdb
d:\workbench\cpp\voicechatcpp\voicechatcpp\x64\release\voicechatcpp.iobj
d:\workbench\cpp\voicechatcpp\voicechatcpp\x64\release\voicechatcpp.tlog\cl.command.1.tlog
d:\workbench\cpp\voicechatcpp\voicechatcpp\x64\release\voicechatcpp.tlog\cl.items.tlog
d:\workbench\cpp\voicechatcpp\voicechatcpp\x64\release\voicechatcpp.tlog\cl.read.1.tlog
d:\workbench\cpp\voicechatcpp\voicechatcpp\x64\release\voicechatcpp.tlog\cl.write.1.tlog
d:\workbench\cpp\voicechatcpp\voicechatcpp\x64\release\voicechatcpp.tlog\link.command.1.tlog
d:\workbench\cpp\voicechatcpp\voicechatcpp\x64\release\voicechatcpp.tlog\link.read.1.tlog
d:\workbench\cpp\voicechatcpp\voicechatcpp\x64\release\voicechatcpp.tlog\link.secondary.1.tlog
d:\workbench\cpp\voicechatcpp\voicechatcpp\x64\release\voicechatcpp.tlog\link.write.1.tlog
d:\workbench\cpp\voicechatcpp\voicechatcpp\x64\release\voicechatcpp.tlog\rc.command.1.tlog
d:\workbench\cpp\voicechatcpp\voicechatcpp\x64\release\voicechatcpp.tlog\rc.read.1.tlog
d:\workbench\cpp\voicechatcpp\voicechatcpp\x64\release\voicechatcpp.tlog\rc.write.1.tlog
